-1.6
-encoding
UTF-8
-source
1.6
-target
1.6
-classpath
/home/tomcat/.jenkins/jobs/PushToMaven/workspace/aws-java-sdk-simpleworkflow/target/aws-java-sdk-simpleworkflow-1.11.22.jar:/home/tomcat/.m2/repository/org/freemarker/freemarker/2.3.9/freemarker-2.3.9.jar:/home/tomcat/.m2/repository/org/springframework/spring-beans/3.0.7.RELEASE/spring-beans-3.0.7.RELEASE.jar:/home/tomcat/.m2/repository/org/springframework/spring-core/3.0.7.RELEASE/spring-core-3.0.7.RELEASE.jar:/home/tomcat/.m2/repository/org/springframework/spring-context/3.0.7.RELEASE/spring-context-3.0.7.RELEASE.jar:/home/tomcat/.m2/repository/org/springframework/spring-test/3.0.7.RELEASE/spring-test-3.0.7.RELEASE.jar:/home/tomcat/.m2/repository/org/aspectj/aspectjrt/1.8.2/aspectjrt-1.8.2.jar:/home/tomcat/.m2/repository/junit/junit/4.12/junit-4.12.jar:/home/tomcat/.jenkins/jobs/PushToMaven/workspace/aws-java-sdk-core/target/aws-java-sdk-core-1.11.22.jar:/home/tomcat/.m2/repository/org/apache/httpcomponents/httpclient/4.5.2/httpclient-4.5.2.jar:/home/tomcat/.m2/repository/org/apache/httpcomponents/httpcore/4.4.4/httpcore-4.4.4.jar:/home/tomcat/.m2/repository/commons-codec/commons-codec/1.9/commons-codec-1.9.jar:/home/tomcat/.m2/repository/com/fasterxml/jackson/core/jackson-databind/2.6.6/jackson-databind-2.6.6.jar:/home/tomcat/.m2/repository/com/fasterxml/jackson/core/jackson-annotations/2.6.0/jackson-annotations-2.6.0.jar:/home/tomcat/.m2/repository/com/fasterxml/jackson/core/jackson-core/2.6.6/jackson-core-2.6.6.jar:/home/tomcat/.m2/repository/com/fasterxml/jackson/dataformat/jackson-dataformat-cbor/2.6.6/jackson-dataformat-cbor-2.6.6.jar:/home/tomcat/.m2/repository/joda-time/joda-time/2.8.1/joda-time-2.8.1.jar:/home/tomcat/.m2/repository/org/springframework/spring-asm/3.0.7.RELEASE/spring-asm-3.0.7.RELEASE.jar:/home/tomcat/.m2/repository/commons-logging/commons-logging/1.1.1/commons-logging-1.1.1.jar:/home/tomcat/.m2/repository/org/springframework/spring-aop/3.0.7.RELEASE/spring-aop-3.0.7.RELEASE.jar:/home/tomcat/.m2/repository/aopalliance/aopalliance/1.0/aopalliance-1.0.jar:/home/tomcat/.m2/repository/org/springframework/spring-expression/3.0.7.RELEASE/spring-expression-3.0.7.RELEASE.jar:/home/tomcat/.m2/repository/org/hamcrest/hamcrest-core/1.3/hamcrest-core-1.3.jar:/home/tomcat/.jenkins/jobs/PushToMaven/workspace/aws-java-sdk-swf-libraries/target/classes
-d
/home/tomcat/.jenkins/jobs/PushToMaven/workspace/aws-java-sdk-swf-libraries/target/classes
/home/tomcat/.jenkins/jobs/PushToMaven/workspace/aws-java-sdk-swf-libraries/src/main/java/com/amazonaws/services/simpleworkflow/flow/DecisionException.java
/home/tomcat/.jenkins/jobs/PushToMaven/workspace/aws-java-sdk-swf-libraries/src/main/java/com/amazonaws/services/simpleworkflow/flow/DynamicWorkflowClient.java
/home/tomcat/.jenkins/jobs/PushToMaven/workspace/aws-java-sdk-swf-libraries/src/main/java/com/amazonaws/services/simpleworkflow/flow/LambdaFunctionTimedOutException.java
/home/tomcat/.jenkins/jobs/PushToMaven/workspace/aws-java-sdk-swf-libraries/src/main/java/com/amazonaws/services/simpleworkflow/flow/TimerException.java
/home/tomcat/.jenkins/jobs/PushToMaven/workspace/aws-java-sdk-swf-libraries/src/main/java/com/amazonaws/services/simpleworkflow/flow/ManualActivityCompletionClientFactory.java
/home/tomcat/.jenkins/jobs/PushToMaven/workspace/aws-java-sdk-swf-libraries/src/main/java/com/amazonaws/services/simpleworkflow/flow/spring/CronInvocationSchedule.java
/home/tomcat/.jenkins/jobs/PushToMaven/workspace/aws-java-sdk-swf-libraries/src/main/java/com/amazonaws/services/simpleworkflow/flow/spring/POJOWorkflowStubImplementationFactory.java
/home/tomcat/.jenkins/jobs/PushToMaven/workspace/aws-java-sdk-swf-libraries/src/main/java/com/amazonaws/services/simpleworkflow/flow/spring/WorkflowScopeBeanNames.java
/home/tomcat/.jenkins/jobs/PushToMaven/workspace/aws-java-sdk-swf-libraries/src/main/java/com/amazonaws/services/simpleworkflow/flow/spring/WorkflowScope.java
/home/tomcat/.jenkins/jobs/PushToMaven/workspace/aws-java-sdk-swf-libraries/src/main/java/com/amazonaws/services/simpleworkflow/flow/spring/CronDecorator.java
/home/tomcat/.jenkins/jobs/PushToMaven/workspace/aws-java-sdk-swf-libraries/src/main/java/com/amazonaws/services/simpleworkflow/flow/spring/SpringWorkflowWorker.java
/home/tomcat/.jenkins/jobs/PushToMaven/workspace/aws-java-sdk-swf-libraries/src/main/java/com/amazonaws/services/simpleworkflow/flow/spring/SpringActivityWorker.java
/home/tomcat/.jenkins/jobs/PushToMaven/workspace/aws-java-sdk-swf-libraries/src/main/java/com/amazonaws/services/simpleworkflow/flow/spring/SpringWorkflowDefinitionFactoryFactory.java
/home/tomcat/.jenkins/jobs/PushToMaven/workspace/aws-java-sdk-swf-libraries/src/main/java/com/amazonaws/services/simpleworkflow/flow/DynamicActivitiesClientImpl.java
/home/tomcat/.jenkins/jobs/PushToMaven/workspace/aws-java-sdk-swf-libraries/src/main/java/com/amazonaws/services/simpleworkflow/flow/ActivityExecutionContextProvider.java
/home/tomcat/.jenkins/jobs/PushToMaven/workspace/aws-java-sdk-swf-libraries/src/main/java/com/amazonaws/services/simpleworkflow/flow/WorkflowTypeRegistrationOptions.java
/home/tomcat/.jenkins/jobs/PushToMaven/workspace/aws-java-sdk-swf-libraries/src/main/java/com/amazonaws/services/simpleworkflow/flow/WorkflowClientExternalBase.java
/home/tomcat/.jenkins/jobs/PushToMaven/workspace/aws-java-sdk-swf-libraries/src/main/java/com/amazonaws/services/simpleworkflow/flow/SynchronousWorkflowWorker.java
/home/tomcat/.jenkins/jobs/PushToMaven/workspace/aws-java-sdk-swf-libraries/src/main/java/com/amazonaws/services/simpleworkflow/flow/test/TestWorkflowClock.java
/home/tomcat/.jenkins/jobs/PushToMaven/workspace/aws-java-sdk-swf-libraries/src/main/java/com/amazonaws/services/simpleworkflow/flow/test/TestPOJOActivityImplementationGenericActivityClient.java
/home/tomcat/.jenkins/jobs/PushToMaven/workspace/aws-java-sdk-swf-libraries/src/main/java/com/amazonaws/services/simpleworkflow/flow/test/TestLambdaFunctionClient.java
/home/tomcat/.jenkins/jobs/PushToMaven/workspace/aws-java-sdk-swf-libraries/src/main/java/com/amazonaws/services/simpleworkflow/flow/test/TestPOJOWorkflowImplementationGenericWorkflowClient.java
/home/tomcat/.jenkins/jobs/PushToMaven/workspace/aws-java-sdk-swf-libraries/src/main/java/com/amazonaws/services/simpleworkflow/flow/test/TestWorkflowContext.java
/home/tomcat/.jenkins/jobs/PushToMaven/workspace/aws-java-sdk-swf-libraries/src/main/java/com/amazonaws/services/simpleworkflow/flow/test/TestGenericActivityClient.java
/home/tomcat/.jenkins/jobs/PushToMaven/workspace/aws-java-sdk-swf-libraries/src/main/java/com/amazonaws/services/simpleworkflow/flow/test/TestDecisionContext.java
/home/tomcat/.jenkins/jobs/PushToMaven/workspace/aws-java-sdk-swf-libraries/src/main/java/com/amazonaws/services/simpleworkflow/flow/test/TestPOJOActivityImplementationWorker.java
/home/tomcat/.jenkins/jobs/PushToMaven/workspace/aws-java-sdk-swf-libraries/src/main/java/com/amazonaws/services/simpleworkflow/flow/test/TestGenericWorkflowClient.java
/home/tomcat/.jenkins/jobs/PushToMaven/workspace/aws-java-sdk-swf-libraries/src/main/java/com/amazonaws/services/simpleworkflow/flow/test/TestLambdaFunctionInvoker.java
/home/tomcat/.jenkins/jobs/PushToMaven/workspace/aws-java-sdk-swf-libraries/src/main/java/com/amazonaws/services/simpleworkflow/flow/StartTimerFailedException.java
/home/tomcat/.jenkins/jobs/PushToMaven/workspace/aws-java-sdk-swf-libraries/src/main/java/com/amazonaws/services/simpleworkflow/flow/ActivityFailureException.java
/home/tomcat/.jenkins/jobs/PushToMaven/workspace/aws-java-sdk-swf-libraries/src/main/java/com/amazonaws/services/simpleworkflow/flow/ScheduleLambdaFunctionFailedException.java
/home/tomcat/.jenkins/jobs/PushToMaven/workspace/aws-java-sdk-swf-libraries/src/main/java/com/amazonaws/services/simpleworkflow/flow/ActivityExecutionContext.java
/home/tomcat/.jenkins/jobs/PushToMaven/workspace/aws-java-sdk-swf-libraries/src/main/java/com/amazonaws/services/simpleworkflow/flow/SuspendableWorker.java
/home/tomcat/.jenkins/jobs/PushToMaven/workspace/aws-java-sdk-swf-libraries/src/main/java/com/amazonaws/services/simpleworkflow/flow/WorkflowSelfClient.java
/home/tomcat/.jenkins/jobs/PushToMaven/workspace/aws-java-sdk-swf-libraries/src/main/java/com/amazonaws/services/simpleworkflow/flow/ScheduleActivityTaskFailedException.java
/home/tomcat/.jenkins/jobs/PushToMaven/workspace/aws-java-sdk-swf-libraries/src/main/java/com/amazonaws/services/simpleworkflow/flow/WorkflowClientExternal.java
/home/tomcat/.jenkins/jobs/PushToMaven/workspace/aws-java-sdk-swf-libraries/src/main/java/com/amazonaws/services/simpleworkflow/flow/ChildWorkflowTimedOutException.java
/home/tomcat/.jenkins/jobs/PushToMaven/workspace/aws-java-sdk-swf-libraries/src/main/java/com/amazonaws/services/simpleworkflow/flow/WorkflowClientFactoryBase.java
/home/tomcat/.jenkins/jobs/PushToMaven/workspace/aws-java-sdk-swf-libraries/src/main/java/com/amazonaws/services/simpleworkflow/flow/WorkflowReplayer.java
/home/tomcat/.jenkins/jobs/PushToMaven/workspace/aws-java-sdk-swf-libraries/src/main/java/com/amazonaws/services/simpleworkflow/flow/WorkerLifecycle.java
/home/tomcat/.jenkins/jobs/PushToMaven/workspace/aws-java-sdk-swf-libraries/src/main/java/com/amazonaws/services/simpleworkflow/flow/WorkflowClient.java
/home/tomcat/.jenkins/jobs/PushToMaven/workspace/aws-java-sdk-swf-libraries/src/main/java/com/amazonaws/services/simpleworkflow/flow/ActivityExecutionContextProviderImpl.java
/home/tomcat/.jenkins/jobs/PushToMaven/workspace/aws-java-sdk-swf-libraries/src/main/java/com/amazonaws/services/simpleworkflow/flow/StartChildWorkflowFailedException.java
/home/tomcat/.jenkins/jobs/PushToMaven/workspace/aws-java-sdk-swf-libraries/src/main/java/com/amazonaws/services/simpleworkflow/flow/WorkflowContext.java
/home/tomcat/.jenkins/jobs/PushToMaven/workspace/aws-java-sdk-swf-libraries/src/main/java/com/amazonaws/services/simpleworkflow/flow/WorkflowExecutionLocal.java
/home/tomcat/.jenkins/jobs/PushToMaven/workspace/aws-java-sdk-swf-libraries/src/main/java/com/amazonaws/services/simpleworkflow/flow/JsonDataConverter.java
/home/tomcat/.jenkins/jobs/PushToMaven/workspace/aws-java-sdk-swf-libraries/src/main/java/com/amazonaws/services/simpleworkflow/flow/ManualActivityCompletionClientFactoryImpl.java
/home/tomcat/.jenkins/jobs/PushToMaven/workspace/aws-java-sdk-swf-libraries/src/main/java/com/amazonaws/services/simpleworkflow/flow/pojo/POJOWorkflowDefinition.java
/home/tomcat/.jenkins/jobs/PushToMaven/workspace/aws-java-sdk-swf-libraries/src/main/java/com/amazonaws/services/simpleworkflow/flow/pojo/POJOActivityImplementation.java
/home/tomcat/.jenkins/jobs/PushToMaven/workspace/aws-java-sdk-swf-libraries/src/main/java/com/amazonaws/services/simpleworkflow/flow/pojo/MethodConverterPair.java
/home/tomcat/.jenkins/jobs/PushToMaven/workspace/aws-java-sdk-swf-libraries/src/main/java/com/amazonaws/services/simpleworkflow/flow/pojo/POJOWorkflowDefinitionFactory.java
/home/tomcat/.jenkins/jobs/PushToMaven/workspace/aws-java-sdk-swf-libraries/src/main/java/com/amazonaws/services/simpleworkflow/flow/pojo/POJOWorkflowDefinitionFactoryFactory.java
/home/tomcat/.jenkins/jobs/PushToMaven/workspace/aws-java-sdk-swf-libraries/src/main/java/com/amazonaws/services/simpleworkflow/flow/pojo/POJOActivityImplementationFactory.java
/home/tomcat/.jenkins/jobs/PushToMaven/workspace/aws-java-sdk-swf-libraries/src/main/java/com/amazonaws/services/simpleworkflow/flow/pojo/POJOWorkflowImplementationFactory.java
/home/tomcat/.jenkins/jobs/PushToMaven/workspace/aws-java-sdk-swf-libraries/src/main/java/com/amazonaws/services/simpleworkflow/flow/generic/ActivityImplementationBase.java
/home/tomcat/.jenkins/jobs/PushToMaven/workspace/aws-java-sdk-swf-libraries/src/main/java/com/amazonaws/services/simpleworkflow/flow/generic/GenericWorkflowClientExternal.java
/home/tomcat/.jenkins/jobs/PushToMaven/workspace/aws-java-sdk-swf-libraries/src/main/java/com/amazonaws/services/simpleworkflow/flow/generic/SignalExternalWorkflowParameters.java
/home/tomcat/.jenkins/jobs/PushToMaven/workspace/aws-java-sdk-swf-libraries/src/main/java/com/amazonaws/services/simpleworkflow/flow/generic/WorkflowDefinitionFactory.java
/home/tomcat/.jenkins/jobs/PushToMaven/workspace/aws-java-sdk-swf-libraries/src/main/java/com/amazonaws/services/simpleworkflow/flow/generic/ContinueAsNewWorkflowExecutionParameters.java
/home/tomcat/.jenkins/jobs/PushToMaven/workspace/aws-java-sdk-swf-libraries/src/main/java/com/amazonaws/services/simpleworkflow/flow/generic/GenericWorkflowClient.java
/home/tomcat/.jenkins/jobs/PushToMaven/workspace/aws-java-sdk-swf-libraries/src/main/java/com/amazonaws/services/simpleworkflow/flow/generic/WorkflowDefinitionFactoryFactory.java
/home/tomcat/.jenkins/jobs/PushToMaven/workspace/aws-java-sdk-swf-libraries/src/main/java/com/amazonaws/services/simpleworkflow/flow/generic/ActivityImplementationFactory.java
/home/tomcat/.jenkins/jobs/PushToMaven/workspace/aws-java-sdk-swf-libraries/src/main/java/com/amazonaws/services/simpleworkflow/flow/generic/ExecuteActivityParameters.java
/home/tomcat/.jenkins/jobs/PushToMaven/workspace/aws-java-sdk-swf-libraries/src/main/java/com/amazonaws/services/simpleworkflow/flow/generic/TerminateWorkflowExecutionParameters.java
/home/tomcat/.jenkins/jobs/PushToMaven/workspace/aws-java-sdk-swf-libraries/src/main/java/com/amazonaws/services/simpleworkflow/flow/generic/StartWorkflowExecutionParameters.java
/home/tomcat/.jenkins/jobs/PushToMaven/workspace/aws-java-sdk-swf-libraries/src/main/java/com/amazonaws/services/simpleworkflow/flow/generic/GenericActivityClient.java
/home/tomcat/.jenkins/jobs/PushToMaven/workspace/aws-java-sdk-swf-libraries/src/main/java/com/amazonaws/services/simpleworkflow/flow/generic/StartChildWorkflowReply.java
/home/tomcat/.jenkins/jobs/PushToMaven/workspace/aws-java-sdk-swf-libraries/src/main/java/com/amazonaws/services/simpleworkflow/flow/generic/WorkflowDefinition.java
/home/tomcat/.jenkins/jobs/PushToMaven/workspace/aws-java-sdk-swf-libraries/src/main/java/com/amazonaws/services/simpleworkflow/flow/generic/StartChildWorkflowExecutionParameters.java
/home/tomcat/.jenkins/jobs/PushToMaven/workspace/aws-java-sdk-swf-libraries/src/main/java/com/amazonaws/services/simpleworkflow/flow/generic/ActivityImplementation.java
/home/tomcat/.jenkins/jobs/PushToMaven/workspace/aws-java-sdk-swf-libraries/src/main/java/com/amazonaws/services/simpleworkflow/flow/WorkflowClientFactory.java
/home/tomcat/.jenkins/jobs/PushToMaven/workspace/aws-java-sdk-swf-libraries/src/main/java/com/amazonaws/services/simpleworkflow/flow/ManualActivityCompletionClientImpl.java
/home/tomcat/.jenkins/jobs/PushToMaven/workspace/aws-java-sdk-swf-libraries/src/main/java/com/amazonaws/services/simpleworkflow/flow/WorkflowSelfClientBase.java
/home/tomcat/.jenkins/jobs/PushToMaven/workspace/aws-java-sdk-swf-libraries/src/main/java/com/amazonaws/services/simpleworkflow/flow/DynamicClient.java
/home/tomcat/.jenkins/jobs/PushToMaven/workspace/aws-java-sdk-swf-libraries/src/main/java/com/amazonaws/services/simpleworkflow/flow/DataConverterException.java
/home/tomcat/.jenkins/jobs/PushToMaven/workspace/aws-java-sdk-swf-libraries/src/main/java/com/amazonaws/services/simpleworkflow/flow/ManualActivityCompletionClient.java
/home/tomcat/.jenkins/jobs/PushToMaven/workspace/aws-java-sdk-swf-libraries/src/main/java/com/amazonaws/services/simpleworkflow/flow/WorkflowClock.java
/home/tomcat/.jenkins/jobs/PushToMaven/workspace/aws-java-sdk-swf-libraries/src/main/java/com/amazonaws/services/simpleworkflow/flow/LambdaFunctionException.java
/home/tomcat/.jenkins/jobs/PushToMaven/workspace/aws-java-sdk-swf-libraries/src/main/java/com/amazonaws/services/simpleworkflow/flow/WorkflowClientBase.java
/home/tomcat/.jenkins/jobs/PushToMaven/workspace/aws-java-sdk-swf-libraries/src/main/java/com/amazonaws/services/simpleworkflow/flow/junit/spring/FlowSpringJUnit4ClassRunner.java
/home/tomcat/.jenkins/jobs/PushToMaven/workspace/aws-java-sdk-swf-libraries/src/main/java/com/amazonaws/services/simpleworkflow/flow/junit/spring/SpringWorkflowTest.java
/home/tomcat/.jenkins/jobs/PushToMaven/workspace/aws-java-sdk-swf-libraries/src/main/java/com/amazonaws/services/simpleworkflow/flow/junit/spring/SpringTestPOJOWorkflowImplementationGenericWorkflowClient.java
/home/tomcat/.jenkins/jobs/PushToMaven/workspace/aws-java-sdk-swf-libraries/src/main/java/com/amazonaws/services/simpleworkflow/flow/junit/GenericWorkflowTest.java
/home/tomcat/.jenkins/jobs/PushToMaven/workspace/aws-java-sdk-swf-libraries/src/main/java/com/amazonaws/services/simpleworkflow/flow/junit/FlowBlockJUnit4ClassRunner.java
/home/tomcat/.jenkins/jobs/PushToMaven/workspace/aws-java-sdk-swf-libraries/src/main/java/com/amazonaws/services/simpleworkflow/flow/junit/WorkflowTest.java
/home/tomcat/.jenkins/jobs/PushToMaven/workspace/aws-java-sdk-swf-libraries/src/main/java/com/amazonaws/services/simpleworkflow/flow/junit/WorkflowTestBase.java
/home/tomcat/.jenkins/jobs/PushToMaven/workspace/aws-java-sdk-swf-libraries/src/main/java/com/amazonaws/services/simpleworkflow/flow/junit/AsyncAssert.java
/home/tomcat/.jenkins/jobs/PushToMaven/workspace/aws-java-sdk-swf-libraries/src/main/java/com/amazonaws/services/simpleworkflow/flow/junit/WorkflowTestStatement.java
/home/tomcat/.jenkins/jobs/PushToMaven/workspace/aws-java-sdk-swf-libraries/src/main/java/com/amazonaws/services/simpleworkflow/flow/ActivitySchedulingOptions.java
/home/tomcat/.jenkins/jobs/PushToMaven/workspace/aws-java-sdk-swf-libraries/src/main/java/com/amazonaws/services/simpleworkflow/flow/WorkflowClientFactoryExternal.java
/home/tomcat/.jenkins/jobs/PushToMaven/workspace/aws-java-sdk-swf-libraries/src/main/java/com/amazonaws/services/simpleworkflow/flow/aspectj/AsynchronousAspect.java
/home/tomcat/.jenkins/jobs/PushToMaven/workspace/aws-java-sdk-swf-libraries/src/main/java/com/amazonaws/services/simpleworkflow/flow/aspectj/AsynchronousAspectTask.java
/home/tomcat/.jenkins/jobs/PushToMaven/workspace/aws-java-sdk-swf-libraries/src/main/java/com/amazonaws/services/simpleworkflow/flow/aspectj/ExponentialRetryAspect.java
/home/tomcat/.jenkins/jobs/PushToMaven/workspace/aws-java-sdk-swf-libraries/src/main/java/com/amazonaws/services/simpleworkflow/flow/WorkflowException.java
/home/tomcat/.jenkins/jobs/PushToMaven/workspace/aws-java-sdk-swf-libraries/src/main/java/com/amazonaws/services/simpleworkflow/flow/DynamicWorkflowClientExternal.java
/home/tomcat/.jenkins/jobs/PushToMaven/workspace/aws-java-sdk-swf-libraries/src/main/java/com/amazonaws/services/simpleworkflow/flow/Suspendable.java
/home/tomcat/.jenkins/jobs/PushToMaven/workspace/aws-java-sdk-swf-libraries/src/main/java/com/amazonaws/services/simpleworkflow/flow/common/FlowConstants.java
/home/tomcat/.jenkins/jobs/PushToMaven/workspace/aws-java-sdk-swf-libraries/src/main/java/com/amazonaws/services/simpleworkflow/flow/common/FlowHelpers.java
/home/tomcat/.jenkins/jobs/PushToMaven/workspace/aws-java-sdk-swf-libraries/src/main/java/com/amazonaws/services/simpleworkflow/flow/common/WorkflowExecutionUtils.java
/home/tomcat/.jenkins/jobs/PushToMaven/workspace/aws-java-sdk-swf-libraries/src/main/java/com/amazonaws/services/simpleworkflow/flow/common/FlowDefaults.java
/home/tomcat/.jenkins/jobs/PushToMaven/workspace/aws-java-sdk-swf-libraries/src/main/java/com/amazonaws/services/simpleworkflow/flow/common/FlowValueConstraint.java
/home/tomcat/.jenkins/jobs/PushToMaven/workspace/aws-java-sdk-swf-libraries/src/main/java/com/amazonaws/services/simpleworkflow/flow/LambdaFunctionFailedException.java
/home/tomcat/.jenkins/jobs/PushToMaven/workspace/aws-java-sdk-swf-libraries/src/main/java/com/amazonaws/services/simpleworkflow/flow/SynchronousActivityWorker.java
/home/tomcat/.jenkins/jobs/PushToMaven/workspace/aws-java-sdk-swf-libraries/src/main/java/com/amazonaws/services/simpleworkflow/flow/DecisionContextProviderImpl.java
/home/tomcat/.jenkins/jobs/PushToMaven/workspace/aws-java-sdk-swf-libraries/src/main/java/com/amazonaws/services/simpleworkflow/flow/ChildWorkflowException.java
/home/tomcat/.jenkins/jobs/PushToMaven/workspace/aws-java-sdk-swf-libraries/src/main/java/com/amazonaws/services/simpleworkflow/flow/WorkerBase.java
/home/tomcat/.jenkins/jobs/PushToMaven/workspace/aws-java-sdk-swf-libraries/src/main/java/com/amazonaws/services/simpleworkflow/flow/interceptors/ExponentialRetryPolicy.java
/home/tomcat/.jenkins/jobs/PushToMaven/workspace/aws-java-sdk-swf-libraries/src/main/java/com/amazonaws/services/simpleworkflow/flow/interceptors/RetryDecorator.java
/home/tomcat/.jenkins/jobs/PushToMaven/workspace/aws-java-sdk-swf-libraries/src/main/java/com/amazonaws/services/simpleworkflow/flow/interceptors/AsyncScheduledExecutor.java
/home/tomcat/.jenkins/jobs/PushToMaven/workspace/aws-java-sdk-swf-libraries/src/main/java/com/amazonaws/services/simpleworkflow/flow/interceptors/RetryPolicyBase.java
/home/tomcat/.jenkins/jobs/PushToMaven/workspace/aws-java-sdk-swf-libraries/src/main/java/com/amazonaws/services/simpleworkflow/flow/interceptors/AsyncRetryingExecutor.java
/home/tomcat/.jenkins/jobs/PushToMaven/workspace/aws-java-sdk-swf-libraries/src/main/java/com/amazonaws/services/simpleworkflow/flow/interceptors/InvocationSchedule.java
/home/tomcat/.jenkins/jobs/PushToMaven/workspace/aws-java-sdk-swf-libraries/src/main/java/com/amazonaws/services/simpleworkflow/flow/interceptors/Decorator.java
/home/tomcat/.jenkins/jobs/PushToMaven/workspace/aws-java-sdk-swf-libraries/src/main/java/com/amazonaws/services/simpleworkflow/flow/interceptors/AsyncRunnable.java
/home/tomcat/.jenkins/jobs/PushToMaven/workspace/aws-java-sdk-swf-libraries/src/main/java/com/amazonaws/services/simpleworkflow/flow/interceptors/FixedIntervalInvocationSchedule.java
/home/tomcat/.jenkins/jobs/PushToMaven/workspace/aws-java-sdk-swf-libraries/src/main/java/com/amazonaws/services/simpleworkflow/flow/interceptors/AsyncExecutor.java
/home/tomcat/.jenkins/jobs/PushToMaven/workspace/aws-java-sdk-swf-libraries/src/main/java/com/amazonaws/services/simpleworkflow/flow/interceptors/RetryCallable.java
/home/tomcat/.jenkins/jobs/PushToMaven/workspace/aws-java-sdk-swf-libraries/src/main/java/com/amazonaws/services/simpleworkflow/flow/interceptors/ScheduleDecorator.java
/home/tomcat/.jenkins/jobs/PushToMaven/workspace/aws-java-sdk-swf-libraries/src/main/java/com/amazonaws/services/simpleworkflow/flow/interceptors/AsyncCancelAndRetryExecutor.java
/home/tomcat/.jenkins/jobs/PushToMaven/workspace/aws-java-sdk-swf-libraries/src/main/java/com/amazonaws/services/simpleworkflow/flow/interceptors/RetryPolicy.java
/home/tomcat/.jenkins/jobs/PushToMaven/workspace/aws-java-sdk-swf-libraries/src/main/java/com/amazonaws/services/simpleworkflow/flow/annotations/ManualActivityCompletion.java
/home/tomcat/.jenkins/jobs/PushToMaven/workspace/aws-java-sdk-swf-libraries/src/main/java/com/amazonaws/services/simpleworkflow/flow/annotations/Asynchronous.java
/home/tomcat/.jenkins/jobs/PushToMaven/workspace/aws-java-sdk-swf-libraries/src/main/java/com/amazonaws/services/simpleworkflow/flow/annotations/SkipTypeRegistration.java
/home/tomcat/.jenkins/jobs/PushToMaven/workspace/aws-java-sdk-swf-libraries/src/main/java/com/amazonaws/services/simpleworkflow/flow/annotations/GetState.java
/home/tomcat/.jenkins/jobs/PushToMaven/workspace/aws-java-sdk-swf-libraries/src/main/java/com/amazonaws/services/simpleworkflow/flow/annotations/ActivityRegistrationOptions.java
/home/tomcat/.jenkins/jobs/PushToMaven/workspace/aws-java-sdk-swf-libraries/src/main/java/com/amazonaws/services/simpleworkflow/flow/annotations/NullDataConverter.java
/home/tomcat/.jenkins/jobs/PushToMaven/workspace/aws-java-sdk-swf-libraries/src/main/java/com/amazonaws/services/simpleworkflow/flow/annotations/Execute.java
/home/tomcat/.jenkins/jobs/PushToMaven/workspace/aws-java-sdk-swf-libraries/src/main/java/com/amazonaws/services/simpleworkflow/flow/annotations/Activity.java
/home/tomcat/.jenkins/jobs/PushToMaven/workspace/aws-java-sdk-swf-libraries/src/main/java/com/amazonaws/services/simpleworkflow/flow/annotations/Wait.java
/home/tomcat/.jenkins/jobs/PushToMaven/workspace/aws-java-sdk-swf-libraries/src/main/java/com/amazonaws/services/simpleworkflow/flow/annotations/NoWait.java
/home/tomcat/.jenkins/jobs/PushToMaven/workspace/aws-java-sdk-swf-libraries/src/main/java/com/amazonaws/services/simpleworkflow/flow/annotations/Signal.java
/home/tomcat/.jenkins/jobs/PushToMaven/workspace/aws-java-sdk-swf-libraries/src/main/java/com/amazonaws/services/simpleworkflow/flow/annotations/WorkflowRegistrationOptions.java
/home/tomcat/.jenkins/jobs/PushToMaven/workspace/aws-java-sdk-swf-libraries/src/main/java/com/amazonaws/services/simpleworkflow/flow/annotations/Workflow.java
/home/tomcat/.jenkins/jobs/PushToMaven/workspace/aws-java-sdk-swf-libraries/src/main/java/com/amazonaws/services/simpleworkflow/flow/annotations/ExponentialRetry.java
/home/tomcat/.jenkins/jobs/PushToMaven/workspace/aws-java-sdk-swf-libraries/src/main/java/com/amazonaws/services/simpleworkflow/flow/annotations/Activities.java
/home/tomcat/.jenkins/jobs/PushToMaven/workspace/aws-java-sdk-swf-libraries/src/main/java/com/amazonaws/services/simpleworkflow/flow/SignalExternalWorkflowException.java
/home/tomcat/.jenkins/jobs/PushToMaven/workspace/aws-java-sdk-swf-libraries/src/main/java/com/amazonaws/services/simpleworkflow/flow/WorkflowClientFactoryExternalBase.java
/home/tomcat/.jenkins/jobs/PushToMaven/workspace/aws-java-sdk-swf-libraries/src/main/java/com/amazonaws/services/simpleworkflow/flow/DynamicWorkflowClientImpl.java
/home/tomcat/.jenkins/jobs/PushToMaven/workspace/aws-java-sdk-swf-libraries/src/main/java/com/amazonaws/services/simpleworkflow/flow/ActivityTaskFailedException.java
/home/tomcat/.jenkins/jobs/PushToMaven/workspace/aws-java-sdk-swf-libraries/src/main/java/com/amazonaws/services/simpleworkflow/flow/DecisionContextProvider.java
/home/tomcat/.jenkins/jobs/PushToMaven/workspace/aws-java-sdk-swf-libraries/src/main/java/com/amazonaws/services/simpleworkflow/flow/StartWorkflowOptions.java
/home/tomcat/.jenkins/jobs/PushToMaven/workspace/aws-java-sdk-swf-libraries/src/main/java/com/amazonaws/services/simpleworkflow/flow/DynamicActivitiesClient.java
/home/tomcat/.jenkins/jobs/PushToMaven/workspace/aws-java-sdk-swf-libraries/src/main/java/com/amazonaws/services/simpleworkflow/flow/DynamicWorkflowClientExternalImpl.java
/home/tomcat/.jenkins/jobs/PushToMaven/workspace/aws-java-sdk-swf-libraries/src/main/java/com/amazonaws/services/simpleworkflow/flow/ActivitiesClient.java
/home/tomcat/.jenkins/jobs/PushToMaven/workspace/aws-java-sdk-swf-libraries/src/main/java/com/amazonaws/services/simpleworkflow/flow/DecisionContext.java
/home/tomcat/.jenkins/jobs/PushToMaven/workspace/aws-java-sdk-swf-libraries/src/main/java/com/amazonaws/services/simpleworkflow/flow/ActivityWorker.java
/home/tomcat/.jenkins/jobs/PushToMaven/workspace/aws-java-sdk-swf-libraries/src/main/java/com/amazonaws/services/simpleworkflow/flow/ChildWorkflowTerminatedException.java
/home/tomcat/.jenkins/jobs/PushToMaven/workspace/aws-java-sdk-swf-libraries/src/main/java/com/amazonaws/services/simpleworkflow/flow/WorkflowWorker.java
/home/tomcat/.jenkins/jobs/PushToMaven/workspace/aws-java-sdk-swf-libraries/src/main/java/com/amazonaws/services/simpleworkflow/flow/ActivityTaskTimedOutException.java
/home/tomcat/.jenkins/jobs/PushToMaven/workspace/aws-java-sdk-swf-libraries/src/main/java/com/amazonaws/services/simpleworkflow/flow/ActivityTaskException.java
/home/tomcat/.jenkins/jobs/PushToMaven/workspace/aws-java-sdk-swf-libraries/src/main/java/com/amazonaws/services/simpleworkflow/flow/DataConverter.java
/home/tomcat/.jenkins/jobs/PushToMaven/workspace/aws-java-sdk-swf-libraries/src/main/java/com/amazonaws/services/simpleworkflow/flow/core/AsyncContextAware.java
/home/tomcat/.jenkins/jobs/PushToMaven/workspace/aws-java-sdk-swf-libraries/src/main/java/com/amazonaws/services/simpleworkflow/flow/core/AsyncTaskInfo.java
/home/tomcat/.jenkins/jobs/PushToMaven/workspace/aws-java-sdk-swf-libraries/src/main/java/com/amazonaws/services/simpleworkflow/flow/core/Task.java
/home/tomcat/.jenkins/jobs/PushToMaven/workspace/aws-java-sdk-swf-libraries/src/main/java/com/amazonaws/services/simpleworkflow/flow/core/AsyncEventLoop.java
/home/tomcat/.jenkins/jobs/PushToMaven/workspace/aws-java-sdk-swf-libraries/src/main/java/com/amazonaws/services/simpleworkflow/flow/core/ExternalTask.java
/home/tomcat/.jenkins/jobs/PushToMaven/workspace/aws-java-sdk-swf-libraries/src/main/java/com/amazonaws/services/simpleworkflow/flow/core/ExternalTaskContext.java
/home/tomcat/.jenkins/jobs/PushToMaven/workspace/aws-java-sdk-swf-libraries/src/main/java/com/amazonaws/services/simpleworkflow/flow/core/Cancelable.java
/home/tomcat/.jenkins/jobs/PushToMaven/workspace/aws-java-sdk-swf-libraries/src/main/java/com/amazonaws/services/simpleworkflow/flow/core/TaskContext.java
/home/tomcat/.jenkins/jobs/PushToMaven/workspace/aws-java-sdk-swf-libraries/src/main/java/com/amazonaws/services/simpleworkflow/flow/core/TryCatchFinallyContext.java
/home/tomcat/.jenkins/jobs/PushToMaven/workspace/aws-java-sdk-swf-libraries/src/main/java/com/amazonaws/services/simpleworkflow/flow/core/AsyncParentContext.java
/home/tomcat/.jenkins/jobs/PushToMaven/workspace/aws-java-sdk-swf-libraries/src/main/java/com/amazonaws/services/simpleworkflow/flow/core/ExternalTaskCancellationHandler.java
/home/tomcat/.jenkins/jobs/PushToMaven/workspace/aws-java-sdk-swf-libraries/src/main/java/com/amazonaws/services/simpleworkflow/flow/core/AsyncContextBase.java
/home/tomcat/.jenkins/jobs/PushToMaven/workspace/aws-java-sdk-swf-libraries/src/main/java/com/amazonaws/services/simpleworkflow/flow/core/AndPromise.java
/home/tomcat/.jenkins/jobs/PushToMaven/workspace/aws-java-sdk-swf-libraries/src/main/java/com/amazonaws/services/simpleworkflow/flow/core/AsyncScopeContext.java
/home/tomcat/.jenkins/jobs/PushToMaven/workspace/aws-java-sdk-swf-libraries/src/main/java/com/amazonaws/services/simpleworkflow/flow/core/TryFinally.java
/home/tomcat/.jenkins/jobs/PushToMaven/workspace/aws-java-sdk-swf-libraries/src/main/java/com/amazonaws/services/simpleworkflow/flow/core/TryCatchFinally.java
/home/tomcat/.jenkins/jobs/PushToMaven/workspace/aws-java-sdk-swf-libraries/src/main/java/com/amazonaws/services/simpleworkflow/flow/core/TryCatch.java
/home/tomcat/.jenkins/jobs/PushToMaven/workspace/aws-java-sdk-swf-libraries/src/main/java/com/amazonaws/services/simpleworkflow/flow/core/Settable.java
/home/tomcat/.jenkins/jobs/PushToMaven/workspace/aws-java-sdk-swf-libraries/src/main/java/com/amazonaws/services/simpleworkflow/flow/core/ExternalTaskCompletionHandle.java
/home/tomcat/.jenkins/jobs/PushToMaven/workspace/aws-java-sdk-swf-libraries/src/main/java/com/amazonaws/services/simpleworkflow/flow/core/Promises.java
/home/tomcat/.jenkins/jobs/PushToMaven/workspace/aws-java-sdk-swf-libraries/src/main/java/com/amazonaws/services/simpleworkflow/flow/core/Functor.java
/home/tomcat/.jenkins/jobs/PushToMaven/workspace/aws-java-sdk-swf-libraries/src/main/java/com/amazonaws/services/simpleworkflow/flow/core/Promise.java
/home/tomcat/.jenkins/jobs/PushToMaven/workspace/aws-java-sdk-swf-libraries/src/main/java/com/amazonaws/services/simpleworkflow/flow/core/AsyncStackTrace.java
/home/tomcat/.jenkins/jobs/PushToMaven/workspace/aws-java-sdk-swf-libraries/src/main/java/com/amazonaws/services/simpleworkflow/flow/core/OrPromise.java
/home/tomcat/.jenkins/jobs/PushToMaven/workspace/aws-java-sdk-swf-libraries/src/main/java/com/amazonaws/services/simpleworkflow/flow/core/AsyncScope.java
/home/tomcat/.jenkins/jobs/PushToMaven/workspace/aws-java-sdk-swf-libraries/src/main/java/com/amazonaws/services/simpleworkflow/flow/ActivitiesClientBase.java
/home/tomcat/.jenkins/jobs/PushToMaven/workspace/aws-java-sdk-swf-libraries/src/main/java/com/amazonaws/services/simpleworkflow/flow/worker/CurrentActivityExecutionContext.java
/home/tomcat/.jenkins/jobs/PushToMaven/workspace/aws-java-sdk-swf-libraries/src/main/java/com/amazonaws/services/simpleworkflow/flow/worker/BackoffThrottler.java
/home/tomcat/.jenkins/jobs/PushToMaven/workspace/aws-java-sdk-swf-libraries/src/main/java/com/amazonaws/services/simpleworkflow/flow/worker/GenericWorkflowWorker.java
/home/tomcat/.jenkins/jobs/PushToMaven/workspace/aws-java-sdk-swf-libraries/src/main/java/com/amazonaws/services/simpleworkflow/flow/worker/LambdaFunctionDecisionStateMachine.java
/home/tomcat/.jenkins/jobs/PushToMaven/workspace/aws-java-sdk-swf-libraries/src/main/java/com/amazonaws/services/simpleworkflow/flow/worker/GenericActivityClientImpl.java
/home/tomcat/.jenkins/jobs/PushToMaven/workspace/aws-java-sdk-swf-libraries/src/main/java/com/amazonaws/services/simpleworkflow/flow/worker/AsyncDecisionTaskHandler.java
/home/tomcat/.jenkins/jobs/PushToMaven/workspace/aws-java-sdk-swf-libraries/src/main/java/com/amazonaws/services/simpleworkflow/flow/worker/SignalDecisionStateMachine.java
/home/tomcat/.jenkins/jobs/PushToMaven/workspace/aws-java-sdk-swf-libraries/src/main/java/com/amazonaws/services/simpleworkflow/flow/worker/ChildWorkflowDecisionStateMachine.java
/home/tomcat/.jenkins/jobs/PushToMaven/workspace/aws-java-sdk-swf-libraries/src/main/java/com/amazonaws/services/simpleworkflow/flow/worker/CompleteWorkflowStateMachine.java
/home/tomcat/.jenkins/jobs/PushToMaven/workspace/aws-java-sdk-swf-libraries/src/main/java/com/amazonaws/services/simpleworkflow/flow/worker/DecisionTarget.java
/home/tomcat/.jenkins/jobs/PushToMaven/workspace/aws-java-sdk-swf-libraries/src/main/java/com/amazonaws/services/simpleworkflow/flow/worker/GenericWorker.java
/home/tomcat/.jenkins/jobs/PushToMaven/workspace/aws-java-sdk-swf-libraries/src/main/java/com/amazonaws/services/simpleworkflow/flow/worker/SimpleWorkflowDefinitionFactoryFactory.java
/home/tomcat/.jenkins/jobs/PushToMaven/workspace/aws-java-sdk-swf-libraries/src/main/java/com/amazonaws/services/simpleworkflow/flow/worker/AsyncDecider.java
/home/tomcat/.jenkins/jobs/PushToMaven/workspace/aws-java-sdk-swf-libraries/src/main/java/com/amazonaws/services/simpleworkflow/flow/worker/ActivityTypeExecutionOptions.java
/home/tomcat/.jenkins/jobs/PushToMaven/workspace/aws-java-sdk-swf-libraries/src/main/java/com/amazonaws/services/simpleworkflow/flow/worker/SynchronousActivityTaskPoller.java
/home/tomcat/.jenkins/jobs/PushToMaven/workspace/aws-java-sdk-swf-libraries/src/main/java/com/amazonaws/services/simpleworkflow/flow/worker/GenericActivityWorker.java
/home/tomcat/.jenkins/jobs/PushToMaven/workspace/aws-java-sdk-swf-libraries/src/main/java/com/amazonaws/services/simpleworkflow/flow/worker/BlockCallerPolicy.java
/home/tomcat/.jenkins/jobs/PushToMaven/workspace/aws-java-sdk-swf-libraries/src/main/java/com/amazonaws/services/simpleworkflow/flow/worker/DecisionStateMachine.java
/home/tomcat/.jenkins/jobs/PushToMaven/workspace/aws-java-sdk-swf-libraries/src/main/java/com/amazonaws/services/simpleworkflow/flow/worker/WorkflowClockImpl.java
/home/tomcat/.jenkins/jobs/PushToMaven/workspace/aws-java-sdk-swf-libraries/src/main/java/com/amazonaws/services/simpleworkflow/flow/worker/DecisionTaskHandler.java
/home/tomcat/.jenkins/jobs/PushToMaven/workspace/aws-java-sdk-swf-libraries/src/main/java/com/amazonaws/services/simpleworkflow/flow/worker/DecisionId.java
/home/tomcat/.jenkins/jobs/PushToMaven/workspace/aws-java-sdk-swf-libraries/src/main/java/com/amazonaws/services/simpleworkflow/flow/worker/LambdaFunctionClient.java
/home/tomcat/.jenkins/jobs/PushToMaven/workspace/aws-java-sdk-swf-libraries/src/main/java/com/amazonaws/services/simpleworkflow/flow/worker/WorkfowContextImpl.java
/home/tomcat/.jenkins/jobs/PushToMaven/workspace/aws-java-sdk-swf-libraries/src/main/java/com/amazonaws/services/simpleworkflow/flow/worker/DecisionStateMachineBase.java
/home/tomcat/.jenkins/jobs/PushToMaven/workspace/aws-java-sdk-swf-libraries/src/main/java/com/amazonaws/services/simpleworkflow/flow/worker/GenericWorkflowClientImpl.java
/home/tomcat/.jenkins/jobs/PushToMaven/workspace/aws-java-sdk-swf-libraries/src/main/java/com/amazonaws/services/simpleworkflow/flow/worker/ActivityTaskPoller.java
/home/tomcat/.jenkins/jobs/PushToMaven/workspace/aws-java-sdk-swf-libraries/src/main/java/com/amazonaws/services/simpleworkflow/flow/worker/ActivityTypeRegistrationOptions.java
/home/tomcat/.jenkins/jobs/PushToMaven/workspace/aws-java-sdk-swf-libraries/src/main/java/com/amazonaws/services/simpleworkflow/flow/worker/ActivityDecisionStateMachine.java
/home/tomcat/.jenkins/jobs/PushToMaven/workspace/aws-java-sdk-swf-libraries/src/main/java/com/amazonaws/services/simpleworkflow/flow/worker/DecisionContextImpl.java
/home/tomcat/.jenkins/jobs/PushToMaven/workspace/aws-java-sdk-swf-libraries/src/main/java/com/amazonaws/services/simpleworkflow/flow/worker/DecisionState.java
/home/tomcat/.jenkins/jobs/PushToMaven/workspace/aws-java-sdk-swf-libraries/src/main/java/com/amazonaws/services/simpleworkflow/flow/worker/TimerDecisionStateMachine.java
/home/tomcat/.jenkins/jobs/PushToMaven/workspace/aws-java-sdk-swf-libraries/src/main/java/com/amazonaws/services/simpleworkflow/flow/worker/CurrentDecisionContext.java
/home/tomcat/.jenkins/jobs/PushToMaven/workspace/aws-java-sdk-swf-libraries/src/main/java/com/amazonaws/services/simpleworkflow/flow/worker/HistoryHelper.java
/home/tomcat/.jenkins/jobs/PushToMaven/workspace/aws-java-sdk-swf-libraries/src/main/java/com/amazonaws/services/simpleworkflow/flow/worker/SynchronousRetrier.java
/home/tomcat/.jenkins/jobs/PushToMaven/workspace/aws-java-sdk-swf-libraries/src/main/java/com/amazonaws/services/simpleworkflow/flow/worker/Throttler.java
/home/tomcat/.jenkins/jobs/PushToMaven/workspace/aws-java-sdk-swf-libraries/src/main/java/com/amazonaws/services/simpleworkflow/flow/worker/ExponentialRetryParameters.java
/home/tomcat/.jenkins/jobs/PushToMaven/workspace/aws-java-sdk-swf-libraries/src/main/java/com/amazonaws/services/simpleworkflow/flow/worker/LambdaFunctionClientImpl.java
/home/tomcat/.jenkins/jobs/PushToMaven/workspace/aws-java-sdk-swf-libraries/src/main/java/com/amazonaws/services/simpleworkflow/flow/worker/DecisionTaskPoller.java
/home/tomcat/.jenkins/jobs/PushToMaven/workspace/aws-java-sdk-swf-libraries/src/main/java/com/amazonaws/services/simpleworkflow/flow/worker/GenericWorkflowClientExternalImpl.java
/home/tomcat/.jenkins/jobs/PushToMaven/workspace/aws-java-sdk-swf-libraries/src/main/java/com/amazonaws/services/simpleworkflow/flow/worker/TaskPoller.java
/home/tomcat/.jenkins/jobs/PushToMaven/workspace/aws-java-sdk-swf-libraries/src/main/java/com/amazonaws/services/simpleworkflow/flow/worker/CircularLongBuffer.java
/home/tomcat/.jenkins/jobs/PushToMaven/workspace/aws-java-sdk-swf-libraries/src/main/java/com/amazonaws/services/simpleworkflow/flow/worker/ActivityExecutionContextImpl.java
/home/tomcat/.jenkins/jobs/PushToMaven/workspace/aws-java-sdk-swf-libraries/src/main/java/com/amazonaws/services/simpleworkflow/flow/worker/OpenRequestInfo.java
/home/tomcat/.jenkins/jobs/PushToMaven/workspace/aws-java-sdk-swf-libraries/src/main/java/com/amazonaws/services/simpleworkflow/flow/worker/DecisionsHelper.java
/home/tomcat/.jenkins/jobs/PushToMaven/workspace/aws-java-sdk-swf-libraries/src/main/java/com/amazonaws/services/simpleworkflow/flow/ChildWorkflowFailedException.java
